<?xml version="1.0" encoding="UTF-8"?>
<testsuite name="praekelt.weblistingapp.MainActivityTest" tests="4" skipped="0" failures="0" errors="0" timestamp="2015-06-11T13:35:06" hostname="Graths_Dataworks" time="8.378">
  <properties/>
  <testcase name="testFrameLayout_layout" classname="praekelt.weblistingapp.MainActivityTest" time="7.506"/>
  <testcase name="testMediaArea_layout" classname="praekelt.weblistingapp.MainActivityTest" time="0.315"/>
  <testcase name="testProfileButton" classname="praekelt.weblistingapp.MainActivityTest" time="0.294"/>
  <testcase name="testPlayerButton_layout" classname="praekelt.weblistingapp.MainActivityTest" time="0.263"/>
  <system-out><![CDATA[]]></system-out>
  <system-err><![CDATA[]]></system-err>
</testsuite>
