<?xml version="1.0" encoding="UTF-8"?>
<testsuite name="praekelt.weblistingapp.MainActivityTest" tests="4" skipped="0" failures="0" errors="0" timestamp="2015-06-11T15:01:06" hostname="Graths_Dataworks" time="12.189">
  <properties/>
  <testcase name="testFrameLayout_layout" classname="praekelt.weblistingapp.MainActivityTest" time="11.559"/>
  <testcase name="testMediaArea_layout" classname="praekelt.weblistingapp.MainActivityTest" time="0.231"/>
  <testcase name="testProfileButton" classname="praekelt.weblistingapp.MainActivityTest" time="0.228"/>
  <testcase name="testPlayerButton_layout" classname="praekelt.weblistingapp.MainActivityTest" time="0.171"/>
  <system-out><![CDATA[]]></system-out>
  <system-err><![CDATA[]]></system-err>
</testsuite>
