<?xml version="1.0" encoding="UTF-8"?>
<testsuite name="praekelt.weblistingapp.MainActivityTest" tests="4" skipped="0" failures="0" errors="0" timestamp="2015-06-11T15:01:25" hostname="Graths_Dataworks" time="7.537">
  <properties/>
  <testcase name="testFrameLayout_layout" classname="praekelt.weblistingapp.MainActivityTest" time="6.841"/>
  <testcase name="testMediaArea_layout" classname="praekelt.weblistingapp.MainActivityTest" time="0.268"/>
  <testcase name="testProfileButton" classname="praekelt.weblistingapp.MainActivityTest" time="0.209"/>
  <testcase name="testPlayerButton_layout" classname="praekelt.weblistingapp.MainActivityTest" time="0.219"/>
  <system-out><![CDATA[]]></system-out>
  <system-err><![CDATA[]]></system-err>
</testsuite>
