<?xml version="1.0" encoding="UTF-8"?>
<testsuite name="praekelt.weblistingapp.MainActivityTest" tests="4" skipped="0" failures="0" errors="0" timestamp="2015-06-11T11:39:47" hostname="Graths_Dataworks" time="6.109">
  <properties/>
  <testcase name="testFrameLayout_layout" classname="praekelt.weblistingapp.MainActivityTest" time="5.455"/>
  <testcase name="testMediaArea_layout" classname="praekelt.weblistingapp.MainActivityTest" time="0.24"/>
  <testcase name="testProfileButton" classname="praekelt.weblistingapp.MainActivityTest" time="0.212"/>
  <testcase name="testPlayerButton_layout" classname="praekelt.weblistingapp.MainActivityTest" time="0.201"/>
  <system-out><![CDATA[]]></system-out>
  <system-err><![CDATA[]]></system-err>
</testsuite>
